Build started 7/25/2013 1:47:40 PM.
     1>Project "E:\BRowe\Brandon_Rowe_Final_Exam\Brandon_Rowe_Final_Exam\Brandon_Rowe_Final_Exam.vcxproj" on node 2 (build target(s)).
     1>InitializeBuildStatus:
         Touching "Debug\Brandon_Rowe_Final_Exam.unsuccessfulbuild".
       ClCompile:
         C:\Program Files (x86)\Microsoft Visual Studio 10.0\VC\bin\CL.exe /c /ZI /nologo /W3 /WX- /Od /Oy- /D WIN32 /D _DEBUG /D _CONSOLE /D _UNICODE /D UNICODE /Gm /EHsc /RTC1 /MDd /GS /fp:precise /Zc:wchar_t /Zc:forScope /Fo"Debug\\" /Fd"Debug\vc100.pdb" /Gd /TP /analyze- /errorReport:prompt Brandon_Rowe_Final_Exam.cpp
         Brandon_Rowe_Final_Exam.cpp
     1>e:\browe\brandon_rowe_final_exam\brandon_rowe_final_exam\brandon_rowe_final_exam.cpp(37): warning C4305: 'argument' : truncation from 'int' to 'char'
     1>e:\browe\brandon_rowe_final_exam\brandon_rowe_final_exam\brandon_rowe_final_exam.cpp(37): warning C4309: 'argument' : truncation of constant value
       ManifestResourceCompile:
         All outputs are up-to-date.
       Link:
         C:\Program Files (x86)\Microsoft Visual Studio 10.0\VC\bin\link.exe /ERRORREPORT:PROMPT /OUT:"E:\BRowe\Brandon_Rowe_Final_Exam\Debug\Brandon_Rowe_Final_Exam.exe" /INCREMENTAL /NOLOGO kernel32.lib user32.lib gdi32.lib winspool.lib comdlg32.lib advapi32.lib shell32.lib ole32.lib oleaut32.lib uuid.lib odbc32.lib odbccp32.lib /MANIFEST /ManifestFile:"Debug\Brandon_Rowe_Final_Exam.exe.intermediate.manifest" /MANIFESTUAC:"level='asInvoker' uiAccess='false'" /DEBUG /PDB:"E:\BRowe\Brandon_Rowe_Final_Exam\Debug\Brandon_Rowe_Final_Exam.pdb" /SUBSYSTEM:CONSOLE /TLBID:1 /DYNAMICBASE /NXCOMPAT /IMPLIB:"E:\BRowe\Brandon_Rowe_Final_Exam\Debug\Brandon_Rowe_Final_Exam.lib" /MACHINE:X86 Debug\Brandon_Rowe_Final_Exam.exe.embed.manifest.res
         Debug\Brandon_Rowe_Final_Exam.obj
       Manifest:
         C:\Program Files (x86)\Microsoft SDKs\Windows\v7.0A\bin\mt.exe /nologo /verbose /out:"Debug\Brandon_Rowe_Final_Exam.exe.embed.manifest" /manifest Debug\Brandon_Rowe_Final_Exam.exe.intermediate.manifest
         All outputs are up-to-date.
       LinkEmbedManifest:
         All outputs are up-to-date.
         Brandon_Rowe_Final_Exam.vcxproj -> E:\BRowe\Brandon_Rowe_Final_Exam\Debug\Brandon_Rowe_Final_Exam.exe
       FinalizeBuildStatus:
         Deleting file "Debug\Brandon_Rowe_Final_Exam.unsuccessfulbuild".
         Touching "Debug\Brandon_Rowe_Final_Exam.lastbuildstate".
     1>Done Building Project "E:\BRowe\Brandon_Rowe_Final_Exam\Brandon_Rowe_Final_Exam\Brandon_Rowe_Final_Exam.vcxproj" (build target(s)).

Build succeeded.

Time Elapsed 00:00:07.70
