Build started 07/03/13 05:06:57 PM.
     1>Project "D:\BRowe\CPT-168\Lab Assignments\Bran_Rowe_loop\Bran_Rowe_loop\Bran_Rowe_loop.vcxproj" on node 2 (build target(s)).
     1>InitializeBuildStatus:
         Creating "Debug\Bran_Rowe_loop.unsuccessfulbuild" because "AlwaysCreate" was specified.
       ClCompile:
         c:\Program Files\Microsoft Visual Studio 10.0\VC\bin\CL.exe /c /Zi /clr /nologo /W3 /WX- /Od /Oy- /D WIN32 /D _DEBUG /D _CONSOLE /D _UNICODE /D UNICODE /Gm- /EHa /MDd /GS /fp:precise /Zc:wchar_t /Zc:forScope /Fo"Debug\\" /Fd"Debug\vc100.pdb" /Gd /TP /FU"C:\Program Files\Reference Assemblies\Microsoft\Framework\.NETFramework\v4.0\System.Core.dll" /FU"C:\Program Files\Reference Assemblies\Microsoft\Framework\.NETFramework\v4.0\System.Data.dll" /FU"C:\Program Files\Reference Assemblies\Microsoft\Framework\.NETFramework\v4.0\System.dll" /FU"C:\Program Files\Reference Assemblies\Microsoft\Framework\.NETFramework\v4.0\System.Drawing.dll" /FU"C:\Program Files\Reference Assemblies\Microsoft\Framework\.NETFramework\v4.0\System.Windows.Forms.dll" /FU"C:\Program Files\Reference Assemblies\Microsoft\Framework\.NETFramework\v4.0\System.Xml.dll" /analyze- /errorReport:prompt Bran_Rowe_loop.cpp
         Bran_Rowe_loop.cpp
       ManifestResourceCompile:
         All outputs are up-to-date.
       Link:
         c:\Program Files\Microsoft Visual Studio 10.0\VC\bin\link.exe /ERRORREPORT:PROMPT /OUT:"D:\BRowe\CPT-168\Lab Assignments\Bran_Rowe_loop\Debug\Bran_Rowe_loop.exe" /INCREMENTAL /NOLOGO kernel32.lib user32.lib gdi32.lib winspool.lib comdlg32.lib advapi32.lib shell32.lib ole32.lib oleaut32.lib uuid.lib odbc32.lib odbccp32.lib /MANIFEST /ManifestFile:"Debug\Bran_Rowe_loop.exe.intermediate.manifest" /MANIFESTUAC:"level='asInvoker' uiAccess='false'" /DEBUG /PDB:"D:\BRowe\CPT-168\Lab Assignments\Bran_Rowe_loop\Debug\Bran_Rowe_loop.pdb" /SUBSYSTEM:CONSOLE /TLBID:1 /DYNAMICBASE /NXCOMPAT /IMPLIB:"D:\BRowe\CPT-168\Lab Assignments\Bran_Rowe_loop\Debug\Bran_Rowe_loop.lib" /MACHINE:X86 Debug\Bran_Rowe_loop.exe.embed.manifest.res
         Debug\Bran_Rowe_loop.obj
       Manifest:
         c:\Program Files\Microsoft SDKs\Windows\v7.0A\bin\mt.exe /nologo /verbose /out:"Debug\Bran_Rowe_loop.exe.embed.manifest" /manifest Debug\Bran_Rowe_loop.exe.intermediate.manifest
         All outputs are up-to-date.
       LinkEmbedManifest:
         All outputs are up-to-date.
         Bran_Rowe_loop.vcxproj -> D:\BRowe\CPT-168\Lab Assignments\Bran_Rowe_loop\Debug\Bran_Rowe_loop.exe
       FinalizeBuildStatus:
         Deleting file "Debug\Bran_Rowe_loop.unsuccessfulbuild".
         Touching "Debug\Bran_Rowe_loop.lastbuildstate".
     1>Done Building Project "D:\BRowe\CPT-168\Lab Assignments\Bran_Rowe_loop\Bran_Rowe_loop\Bran_Rowe_loop.vcxproj" (build target(s)).

Build succeeded.

Time Elapsed 00:00:08.60
