Build started 7/25/2013 12:15:50 PM.
     1>Project "D:\BRowe\CPT-168\Lab Assignments\Bran_Rowe_Sequential_File\Bran_Rowe_Sequential_File\Bran_Rowe_Sequential_File.vcxproj" on node 2 (build target(s)).
     1>InitializeBuildStatus:
         Creating "Debug\Bran_Rowe_Sequential_File.unsuccessfulbuild" because "AlwaysCreate" was specified.
       ClCompile:
         c:\Program Files\Microsoft Visual Studio 10.0\VC\bin\CL.exe /c /ZI /nologo /W3 /WX- /Od /Oy- /D WIN32 /D _DEBUG /D _CONSOLE /D _UNICODE /D UNICODE /Gm /EHsc /RTC1 /MDd /GS /fp:precise /Zc:wchar_t /Zc:forScope /Fo"Debug\\" /Fd"Debug\vc100.pdb" /Gd /TP /analyze- /errorReport:prompt Bran_Rowe_Sequential_File.cpp
         Bran_Rowe_Sequential_File.cpp
       ManifestResourceCompile:
         c:\Program Files\Microsoft SDKs\Windows\v7.0A\bin\rc.exe /nologo /fo"Debug\Bran_Rowe_Sequential_File.exe.embed.manifest.res" Debug\Bran_Rowe_Sequential_File_manifest.rc 
       Link:
         c:\Program Files\Microsoft Visual Studio 10.0\VC\bin\link.exe /ERRORREPORT:PROMPT /OUT:"D:\BRowe\CPT-168\Lab Assignments\Bran_Rowe_Sequential_File\Debug\Bran_Rowe_Sequential_File.exe" /INCREMENTAL /NOLOGO kernel32.lib user32.lib gdi32.lib winspool.lib comdlg32.lib advapi32.lib shell32.lib ole32.lib oleaut32.lib uuid.lib odbc32.lib odbccp32.lib /MANIFEST /ManifestFile:"Debug\Bran_Rowe_Sequential_File.exe.intermediate.manifest" /MANIFESTUAC:"level='asInvoker' uiAccess='false'" /DEBUG /PDB:"D:\BRowe\CPT-168\Lab Assignments\Bran_Rowe_Sequential_File\Debug\Bran_Rowe_Sequential_File.pdb" /SUBSYSTEM:CONSOLE /TLBID:1 /DYNAMICBASE /NXCOMPAT /IMPLIB:"D:\BRowe\CPT-168\Lab Assignments\Bran_Rowe_Sequential_File\Debug\Bran_Rowe_Sequential_File.lib" /MACHINE:X86 Debug\Bran_Rowe_Sequential_File.exe.embed.manifest.res
         Debug\Bran_Rowe_Sequential_File.obj
       Manifest:
         Deleting file "Debug\Bran_Rowe_Sequential_File.exe.embed.manifest".
         c:\Program Files\Microsoft SDKs\Windows\v7.0A\bin\mt.exe /nologo /verbose /out:"Debug\Bran_Rowe_Sequential_File.exe.embed.manifest" /manifest Debug\Bran_Rowe_Sequential_File.exe.intermediate.manifest
         c:\Program Files\Microsoft SDKs\Windows\v7.0A\bin\rc.exe /nologo /fo"Debug\Bran_Rowe_Sequential_File.exe.embed.manifest.res" Debug\Bran_Rowe_Sequential_File_manifest.rc 
       LinkEmbedManifest:
         c:\Program Files\Microsoft Visual Studio 10.0\VC\bin\link.exe /ERRORREPORT:PROMPT /OUT:"D:\BRowe\CPT-168\Lab Assignments\Bran_Rowe_Sequential_File\Debug\Bran_Rowe_Sequential_File.exe" /INCREMENTAL /NOLOGO kernel32.lib user32.lib gdi32.lib winspool.lib comdlg32.lib advapi32.lib shell32.lib ole32.lib oleaut32.lib uuid.lib odbc32.lib odbccp32.lib /MANIFEST /ManifestFile:"Debug\Bran_Rowe_Sequential_File.exe.intermediate.manifest" /MANIFESTUAC:"level='asInvoker' uiAccess='false'" /DEBUG /PDB:"D:\BRowe\CPT-168\Lab Assignments\Bran_Rowe_Sequential_File\Debug\Bran_Rowe_Sequential_File.pdb" /SUBSYSTEM:CONSOLE /TLBID:1 /DYNAMICBASE /NXCOMPAT /IMPLIB:"D:\BRowe\CPT-168\Lab Assignments\Bran_Rowe_Sequential_File\Debug\Bran_Rowe_Sequential_File.lib" /MACHINE:X86 Debug\Bran_Rowe_Sequential_File.exe.embed.manifest.res
         Debug\Bran_Rowe_Sequential_File.obj
         Bran_Rowe_Sequential_File.vcxproj -> D:\BRowe\CPT-168\Lab Assignments\Bran_Rowe_Sequential_File\Debug\Bran_Rowe_Sequential_File.exe
       FinalizeBuildStatus:
         Deleting file "Debug\Bran_Rowe_Sequential_File.unsuccessfulbuild".
         Touching "Debug\Bran_Rowe_Sequential_File.lastbuildstate".
     1>Done Building Project "D:\BRowe\CPT-168\Lab Assignments\Bran_Rowe_Sequential_File\Bran_Rowe_Sequential_File\Bran_Rowe_Sequential_File.vcxproj" (build target(s)).

Build succeeded.

Time Elapsed 00:00:07.58
