Build started 6/26/2013 4:26:17 PM.
     1>Project "E:\BRowe\CPT-168\Bran_Rowe_calcGrossPay\Bran_Rowe_calcGrossPay.vcxproj" on node 2 (build target(s)).
     1>InitializeBuildStatus:
         Creating "Debug\Bran_Rowe_calcGrossPay.unsuccessfulbuild" because "AlwaysCreate" was specified.
       ClCompile:
         C:\Program Files (x86)\Microsoft Visual Studio 10.0\VC\bin\CL.exe /c /ZI /nologo /W3 /WX- /Od /Oy- /D WIN32 /D _DEBUG /D _CONSOLE /D _UNICODE /D UNICODE /Gm /EHsc /RTC1 /MDd /GS /fp:precise /Zc:wchar_t /Zc:forScope /Fo"Debug\\" /Fd"Debug\vc100.pdb" /Gd /TP /analyze- /errorReport:prompt Bran_Rowe_calcGrossPay.cpp
         Bran_Rowe_calcGrossPay.cpp
       ManifestResourceCompile:
         All outputs are up-to-date.
       Link:
         C:\Program Files (x86)\Microsoft Visual Studio 10.0\VC\bin\link.exe /ERRORREPORT:PROMPT /OUT:"E:\BRowe\CPT-168\Bran_Rowe_calcGrossPay\Debug\Bran_Rowe_calcGrossPay.exe" /INCREMENTAL /NOLOGO kernel32.lib user32.lib gdi32.lib winspool.lib comdlg32.lib advapi32.lib shell32.lib ole32.lib oleaut32.lib uuid.lib odbc32.lib odbccp32.lib /MANIFEST /ManifestFile:"Debug\Bran_Rowe_calcGrossPay.exe.intermediate.manifest" /MANIFESTUAC:"level='asInvoker' uiAccess='false'" /DEBUG /PDB:"E:\BRowe\CPT-168\Bran_Rowe_calcGrossPay\Debug\Bran_Rowe_calcGrossPay.pdb" /SUBSYSTEM:CONSOLE /TLBID:1 /DYNAMICBASE /NXCOMPAT /IMPLIB:"E:\BRowe\CPT-168\Bran_Rowe_calcGrossPay\Debug\Bran_Rowe_calcGrossPay.lib" /MACHINE:X86 Debug\Bran_Rowe_calcGrossPay.exe.embed.manifest.res
         Debug\Bran_Rowe_calcGrossPay.obj
       Manifest:
         C:\Program Files (x86)\Microsoft SDKs\Windows\v7.0A\bin\mt.exe /nologo /verbose /out:"Debug\Bran_Rowe_calcGrossPay.exe.embed.manifest" /manifest Debug\Bran_Rowe_calcGrossPay.exe.intermediate.manifest
         All outputs are up-to-date.
       LinkEmbedManifest:
         All outputs are up-to-date.
         Bran_Rowe_calcGrossPay.vcxproj -> E:\BRowe\CPT-168\Bran_Rowe_calcGrossPay\Debug\Bran_Rowe_calcGrossPay.exe
       FinalizeBuildStatus:
         Deleting file "Debug\Bran_Rowe_calcGrossPay.unsuccessfulbuild".
         Touching "Debug\Bran_Rowe_calcGrossPay.lastbuildstate".
     1>Done Building Project "E:\BRowe\CPT-168\Bran_Rowe_calcGrossPay\Bran_Rowe_calcGrossPay.vcxproj" (build target(s)).

Build succeeded.

Time Elapsed 00:00:05.83
