Build started 06/26/13 09:21:09 AM.
     1>Project "D:\BRowe\CPT-168\calcGrossPaysnip\calcGrossPaysnip.vcxproj" on node 2 (build target(s)).
     1>InitializeBuildStatus:
         Creating "Debug\calcGrossPaysnip.unsuccessfulbuild" because "AlwaysCreate" was specified.
       ClCompile:
         c:\Program Files\Microsoft Visual Studio 10.0\VC\bin\CL.exe /c /ZI /nologo /W3 /WX- /Od /Oy- /D WIN32 /D _DEBUG /D _CONSOLE /D _UNICODE /D UNICODE /Gm /EHsc /RTC1 /MDd /GS /fp:precise /Zc:wchar_t /Zc:forScope /Fo"Debug\\" /Fd"Debug\vc100.pdb" /Gd /TP /analyze- /errorReport:prompt calcGrossPaysnip.cpp
         calcGrossPaysnip.cpp
       ManifestResourceCompile:
         All outputs are up-to-date.
       Link:
         c:\Program Files\Microsoft Visual Studio 10.0\VC\bin\link.exe /ERRORREPORT:PROMPT /OUT:"D:\BRowe\CPT-168\calcGrossPaysnip\Debug\calcGrossPaysnip.exe" /INCREMENTAL /NOLOGO kernel32.lib user32.lib gdi32.lib winspool.lib comdlg32.lib advapi32.lib shell32.lib ole32.lib oleaut32.lib uuid.lib odbc32.lib odbccp32.lib /MANIFEST /ManifestFile:"Debug\calcGrossPaysnip.exe.intermediate.manifest" /MANIFESTUAC:"level='asInvoker' uiAccess='false'" /DEBUG /PDB:"D:\BRowe\CPT-168\calcGrossPaysnip\Debug\calcGrossPaysnip.pdb" /SUBSYSTEM:CONSOLE /TLBID:1 /DYNAMICBASE /NXCOMPAT /IMPLIB:"D:\BRowe\CPT-168\calcGrossPaysnip\Debug\calcGrossPaysnip.lib" /MACHINE:X86 Debug\calcGrossPaysnip.exe.embed.manifest.res
         Debug\calcGrossPaysnip.obj
       Manifest:
         c:\Program Files\Microsoft SDKs\Windows\v7.0A\bin\mt.exe /nologo /verbose /out:"Debug\calcGrossPaysnip.exe.embed.manifest" /manifest Debug\calcGrossPaysnip.exe.intermediate.manifest
         All outputs are up-to-date.
       LinkEmbedManifest:
         All outputs are up-to-date.
         calcGrossPaysnip.vcxproj -> D:\BRowe\CPT-168\calcGrossPaysnip\Debug\calcGrossPaysnip.exe
       FinalizeBuildStatus:
         Deleting file "Debug\calcGrossPaysnip.unsuccessfulbuild".
         Touching "Debug\calcGrossPaysnip.lastbuildstate".
     1>Done Building Project "D:\BRowe\CPT-168\calcGrossPaysnip\calcGrossPaysnip.vcxproj" (build target(s)).

Build succeeded.

Time Elapsed 00:00:03.99
